Script start unblock_rod_310120171637
Create file unblock_rod_310120171637
File unblock_rod_310120171637 created
Data from unblock_rod_310120171637 updated
File unblock_rod_310120171637 converted
File transferred to SAVE
End script
Script start unblock_rod_310120171639
Create file unblock_rod_310120171639
File unblock_rod_310120171639 created
Data from unblock_rod_310120171639 updated
File unblock_rod_310120171639 converted
File transferred to SAVE
End script
Script start unblock_rod_310120171945
Script start unblock_rod_310120171945
Create file unblock_rod_310120171945
Create file unblock_rod_310120171945
File unblock_rod_310120171945 created
File unblock_rod_310120171945 created
Data from unblock_rod_310120171945 updated
File unblock_rod_310120171945 converted
File transferred to SAVE
End script
Data from unblock_rod_310120171945 updated
File unblock_rod_310120171945 converted
File transferred to SAVE
End script
Script start unblock_rod_010220170945
Create file unblock_rod_010220170945
File unblock_rod_010220170945 created
Data from unblock_rod_010220170945 updated
File unblock_rod_010220170945 converted
File transferred to SAVE
End script
Script start unblock_rod_010220171045
Create file unblock_rod_010220171045
File unblock_rod_010220171045 created
Data from unblock_rod_010220171045 updated
File unblock_rod_010220171045 converted
File transferred to SAVE
End script
Script start unblock_rod_010220171600
Create file unblock_rod_010220171600
File unblock_rod_010220171600 created
Data from unblock_rod_010220171600 updated
File unblock_rod_010220171600 converted
File transferred to SAVE
End script
Script start unblock_rod_010220171605
Create file unblock_rod_010220171605
File unblock_rod_010220171605 created
Data from unblock_rod_010220171605 updated
File unblock_rod_010220171605 converted
File transferred to SAVE
End script
Script start unblock_rod_010220171945
Create file unblock_rod_010220171945
Script start unblock_rod_010220171945
Create file unblock_rod_010220171945
File unblock_rod_010220171945 created
File unblock_rod_010220171945 created
Data from unblock_rod_010220171945 updated
File unblock_rod_010220171945 converted
File transferred to SAVE
End script
Data from unblock_rod_010220171945 updated
File unblock_rod_010220171945 converted
File transferred to SAVE
End script
Script start unblock_rod_020220170945
Create file unblock_rod_020220170945
File unblock_rod_020220170945 created
Data from unblock_rod_020220170945 updated
File unblock_rod_020220170945 converted
File transferred to SAVE
End script
Script start unblock_rod_020220171045
Create file unblock_rod_020220171045
File unblock_rod_020220171045 created
Data from unblock_rod_020220171045 updated
File unblock_rod_020220171045 converted
File transferred to SAVE
End script
Script start unblock_rod_020220171945
Create file unblock_rod_020220171945
Script start unblock_rod_020220171945
Create file unblock_rod_020220171945
File unblock_rod_020220171945 created
File unblock_rod_020220171945 created
Data from unblock_rod_020220171945 updated
File unblock_rod_020220171945 converted
File transferred to SAVE
End script
Data from unblock_rod_020220171945 updated
File unblock_rod_020220171945 converted
File transferred to SAVE
End script
Script start unblock_rod_030220170945
Create file unblock_rod_030220170945
File unblock_rod_030220170945 created
Data from unblock_rod_030220170945 updated
File unblock_rod_030220170945 converted
File transferred to SAVE
End script
Script start unblock_rod_030220171045
Create file unblock_rod_030220171045
File unblock_rod_030220171045 created
Data from unblock_rod_030220171045 updated
File unblock_rod_030220171045 converted
File transferred to SAVE
End script
Script start unblock_rod_030220171945
Script start unblock_rod_030220171945
Create file unblock_rod_030220171945
Create file unblock_rod_030220171945
File unblock_rod_030220171945 created
File unblock_rod_030220171945 created
Data from unblock_rod_030220171945 updated
File unblock_rod_030220171945 converted
File transferred to SAVE
End script
Data from unblock_rod_030220171945 updated
File unblock_rod_030220171945 converted
File transferred to SAVE
End script
Script start unblock_rod_060220170945
Create file unblock_rod_060220170945
File unblock_rod_060220170945 created
Data from unblock_rod_060220170945 updated
File unblock_rod_060220170945 converted
File transferred to SAVE
End script
Script start unblock_rod_060220171045
Create file unblock_rod_060220171045
File unblock_rod_060220171045 created
Data from unblock_rod_060220171045 updated
File unblock_rod_060220171045 converted
File transferred to SAVE
End script
Script start unblock_rod_060220171945
Create file unblock_rod_060220171945
Script start unblock_rod_060220171945
Create file unblock_rod_060220171945
File unblock_rod_060220171945 created
File unblock_rod_060220171945 created
Data from unblock_rod_060220171945 updated
File unblock_rod_060220171945 converted
File transferred to SAVE
End script
Data from unblock_rod_060220171945 updated
File unblock_rod_060220171945 converted
File transferred to SAVE
End script
Script start unblock_rod_070220170945
Create file unblock_rod_070220170945
File unblock_rod_070220170945 created
Data from unblock_rod_070220170945 updated
File unblock_rod_070220170945 converted
File transferred to SAVE
End script
Script start unblock_rod_070220171045
Create file unblock_rod_070220171045
File unblock_rod_070220171045 created
Data from unblock_rod_070220171045 updated
File unblock_rod_070220171045 converted
File transferred to SAVE
End script
Script start unblock_rod_070220171945
Script start unblock_rod_070220171945
Create file unblock_rod_070220171945
Create file unblock_rod_070220171945
File unblock_rod_070220171945 created
File unblock_rod_070220171945 created
Data from unblock_rod_070220171945 updated
File unblock_rod_070220171945 converted
File transferred to SAVE
End script
Data from unblock_rod_070220171945 updated
File unblock_rod_070220171945 converted
File transferred to SAVE
End script
Script start unblock_rod_080220170945
Create file unblock_rod_080220170945
File unblock_rod_080220170945 created
Data from unblock_rod_080220170945 updated
File unblock_rod_080220170945 converted
File transferred to SAVE
End script
Script start unblock_rod_080220171045
Create file unblock_rod_080220171045
File unblock_rod_080220171045 created
Data from unblock_rod_080220171045 updated
File unblock_rod_080220171045 converted
File transferred to SAVE
End script
Script start unblock_rod_080220171945
Create file unblock_rod_080220171945
Script start unblock_rod_080220171945
Create file unblock_rod_080220171945
File unblock_rod_080220171945 created
File unblock_rod_080220171945 created
Data from unblock_rod_080220171945 updated
File unblock_rod_080220171945 converted
File transferred to SAVE
End script
Data from unblock_rod_080220171945 updated
File unblock_rod_080220171945 converted
File transferred to SAVE
End script
Script start unblock_rod_090220170945
Create file unblock_rod_090220170945
File unblock_rod_090220170945 created
Data from unblock_rod_090220170945 updated
File unblock_rod_090220170945 converted
File transferred to SAVE
End script
Script start unblock_rod_090220171045
Create file unblock_rod_090220171045
File unblock_rod_090220171045 created
Data from unblock_rod_090220171045 updated
File unblock_rod_090220171045 converted
File transferred to SAVE
End script
Script start unblock_rod_090220171945
Script start unblock_rod_090220171945
Create file unblock_rod_090220171945
Create file unblock_rod_090220171945
File unblock_rod_090220171945 created
File unblock_rod_090220171945 created
Data from unblock_rod_090220171945 updated
File unblock_rod_090220171945 converted
File transferred to SAVE
End script
Data from unblock_rod_090220171945 updated
File unblock_rod_090220171945 converted
File transferred to SAVE
End script
Script start unblock_rod_100220170945
Create file unblock_rod_100220170945
File unblock_rod_100220170945 created
Data from unblock_rod_100220170945 updated
File unblock_rod_100220170945 converted
File transferred to SAVE
End script
Script start unblock_rod_100220171045
Create file unblock_rod_100220171045
File unblock_rod_100220171045 created
Data from unblock_rod_100220171045 updated
File unblock_rod_100220171045 converted
File transferred to SAVE
End script
Script start unblock_rod_100220171945
Script start unblock_rod_100220171945
Create file unblock_rod_100220171945
Create file unblock_rod_100220171945
File unblock_rod_100220171945 created
File unblock_rod_100220171945 created
Data from unblock_rod_100220171945 updated
File unblock_rod_100220171945 converted
File transferred to SAVE
End script
Data from unblock_rod_100220171945 updated
File unblock_rod_100220171945 converted
File transferred to SAVE
End script
Script start unblock_rod_130220170945
Create file unblock_rod_130220170945
File unblock_rod_130220170945 created
Data from unblock_rod_130220170945 updated
File unblock_rod_130220170945 converted
File transferred to SAVE
End script
Script start unblock_rod_130220171045
Create file unblock_rod_130220171045
File unblock_rod_130220171045 created
Data from unblock_rod_130220171045 updated
File unblock_rod_130220171045 converted
File transferred to SAVE
End script
Script start unblock_rod_130220171945
Script start unblock_rod_130220171945
Create file unblock_rod_130220171945
Create file unblock_rod_130220171945
File unblock_rod_130220171945 created
File unblock_rod_130220171945 created
Data from unblock_rod_130220171945 updated
File unblock_rod_130220171945 converted
File transferred to SAVE
End script
Data from unblock_rod_130220171945 updated
File unblock_rod_130220171945 converted
File transferred to SAVE
End script
Script start unblock_rod_140220170945
Create file unblock_rod_140220170945
File unblock_rod_140220170945 created
Data from unblock_rod_140220170945 updated
File unblock_rod_140220170945 converted
File transferred to SAVE
End script
Script start unblock_rod_140220171045
Create file unblock_rod_140220171045
File unblock_rod_140220171045 created
Data from unblock_rod_140220171045 updated
File unblock_rod_140220171045 converted
File transferred to SAVE
End script
Script start unblock_rod_140220171945
Script start unblock_rod_140220171945
Create file unblock_rod_140220171945
Create file unblock_rod_140220171945
File unblock_rod_140220171945 created
File unblock_rod_140220171945 created
Data from unblock_rod_140220171945 updated
File unblock_rod_140220171945 converted
File transferred to SAVE
End script
Data from unblock_rod_140220171945 updated
File unblock_rod_140220171945 converted
File transferred to SAVE
End script
Script start unblock_rod_150220170945
Create file unblock_rod_150220170945
File unblock_rod_150220170945 created
Data from unblock_rod_150220170945 updated
File unblock_rod_150220170945 converted
File transferred to SAVE
End script
Script start unblock_rod_150220171045
Create file unblock_rod_150220171045
File unblock_rod_150220171045 created
Data from unblock_rod_150220171045 updated
File unblock_rod_150220171045 converted
File transferred to SAVE
End script
Script start unblock_rod_150220171945
Create file unblock_rod_150220171945
Script start unblock_rod_150220171945
Create file unblock_rod_150220171945
File unblock_rod_150220171945 created
File unblock_rod_150220171945 created
Data from unblock_rod_150220171945 updated
File unblock_rod_150220171945 converted
File transferred to SAVE
End script
Data from unblock_rod_150220171945 updated
File unblock_rod_150220171945 converted
File transferred to SAVE
End script
Script start unblock_rod_160220170945
Create file unblock_rod_160220170945
File unblock_rod_160220170945 created
Data from unblock_rod_160220170945 updated
File unblock_rod_160220170945 converted
File transferred to SAVE
End script
Script start unblock_rod_160220171045
Create file unblock_rod_160220171045
File unblock_rod_160220171045 created
Data from unblock_rod_160220171045 updated
File unblock_rod_160220171045 converted
File transferred to SAVE
End script
Script start unblock_rod_160220171945
Script start unblock_rod_160220171945
Create file unblock_rod_160220171945
Create file unblock_rod_160220171945
File unblock_rod_160220171945 created
File unblock_rod_160220171945 created
Data from unblock_rod_160220171945 updated
File unblock_rod_160220171945 converted
File transferred to SAVE
End script
Data from unblock_rod_160220171945 updated
File unblock_rod_160220171945 converted
File transferred to SAVE
End script
Script start unblock_rod_170220170945
Create file unblock_rod_170220170945
File unblock_rod_170220170945 created
Data from unblock_rod_170220170945 updated
File unblock_rod_170220170945 converted
File transferred to SAVE
End script
Script start unblock_rod_170220171045
Create file unblock_rod_170220171045
File unblock_rod_170220171045 created
Data from unblock_rod_170220171045 updated
File unblock_rod_170220171045 converted
File transferred to SAVE
End script
Script start unblock_rod_170220171945
Script start unblock_rod_170220171945
Create file unblock_rod_170220171945
Create file unblock_rod_170220171945
File unblock_rod_170220171945 created
File unblock_rod_170220171945 created
Data from unblock_rod_170220171945 updated
File unblock_rod_170220171945 converted
File transferred to SAVE
End script
Data from unblock_rod_170220171945 updated
File unblock_rod_170220171945 converted
File transferred to SAVE
End script
Script start unblock_rod_200220170945
Create file unblock_rod_200220170945
File unblock_rod_200220170945 created
Data from unblock_rod_200220170945 updated
File unblock_rod_200220170945 converted
File transferred to SAVE
End script
Script start unblock_rod_200220171045
Create file unblock_rod_200220171045
File unblock_rod_200220171045 created
Data from unblock_rod_200220171045 updated
File unblock_rod_200220171045 converted
File transferred to SAVE
End script
Script start unblock_rod_200220171945
Script start unblock_rod_200220171945
Create file unblock_rod_200220171945
Create file unblock_rod_200220171945
File unblock_rod_200220171945 created
File unblock_rod_200220171945 created
Data from unblock_rod_200220171945 updated
File unblock_rod_200220171945 converted
File transferred to SAVE
End script
Data from unblock_rod_200220171945 updated
File unblock_rod_200220171945 converted
File transferred to SAVE
End script
Script start unblock_rod_210220170945
Create file unblock_rod_210220170945
File unblock_rod_210220170945 created
Data from unblock_rod_210220170945 updated
File unblock_rod_210220170945 converted
File transferred to SAVE
End script
Script start unblock_rod_210220171045
Create file unblock_rod_210220171045
File unblock_rod_210220171045 created
Data from unblock_rod_210220171045 updated
File unblock_rod_210220171045 converted
File transferred to SAVE
End script
Script start unblock_rod_210220171945
Script start unblock_rod_210220171945
Create file unblock_rod_210220171945
Create file unblock_rod_210220171945
File unblock_rod_210220171945 created
File unblock_rod_210220171945 created
Data from unblock_rod_210220171945 updated
File unblock_rod_210220171945 converted
File transferred to SAVE
End script
Data from unblock_rod_210220171945 updated
File unblock_rod_210220171945 converted
File transferred to SAVE
End script
Script start unblock_rod_220220170945
Create file unblock_rod_220220170945
File unblock_rod_220220170945 created
Data from unblock_rod_220220170945 updated
File unblock_rod_220220170945 converted
File transferred to SAVE
End script
Script start unblock_rod_220220171045
Create file unblock_rod_220220171045
File unblock_rod_220220171045 created
Data from unblock_rod_220220171045 updated
File unblock_rod_220220171045 converted
File transferred to SAVE
End script
Script start unblock_rod_220220171945
Create file unblock_rod_220220171945
Script start unblock_rod_220220171945
Create file unblock_rod_220220171945
File unblock_rod_220220171945 created
File unblock_rod_220220171945 created
Data from unblock_rod_220220171945 updated
File unblock_rod_220220171945 converted
File transferred to SAVE
End script
Data from unblock_rod_220220171945 updated
File unblock_rod_220220171945 converted
File transferred to SAVE
End script
Script start unblock_rod_230220170945
Create file unblock_rod_230220170945
File unblock_rod_230220170945 created
Data from unblock_rod_230220170945 updated
File unblock_rod_230220170945 converted
File transferred to SAVE
End script
Script start unblock_rod_230220171045
Create file unblock_rod_230220171045
File unblock_rod_230220171045 created
Data from unblock_rod_230220171045 updated
File unblock_rod_230220171045 converted
File transferred to SAVE
End script
Script start unblock_rod_230220171945
Script start unblock_rod_230220171945
Create file unblock_rod_230220171945
Create file unblock_rod_230220171945
File unblock_rod_230220171945 created
File unblock_rod_230220171945 created
Data from unblock_rod_230220171945 updated
File unblock_rod_230220171945 converted
File transferred to SAVE
End script
Data from unblock_rod_230220171945 updated
File unblock_rod_230220171945 converted
File transferred to SAVE
End script
Script start unblock_rod_240220170945
Create file unblock_rod_240220170945
File unblock_rod_240220170945 created
Data from unblock_rod_240220170945 updated
File unblock_rod_240220170945 converted
File transferred to SAVE
End script
Script start unblock_rod_240220171045
Create file unblock_rod_240220171045
File unblock_rod_240220171045 created
Data from unblock_rod_240220171045 updated
File unblock_rod_240220171045 converted
File transferred to SAVE
End script
Script start unblock_rod_240220171945
Create file unblock_rod_240220171945
Script start unblock_rod_240220171945
Create file unblock_rod_240220171945
File unblock_rod_240220171945 created
File unblock_rod_240220171945 created
Data from unblock_rod_240220171945 updated
File unblock_rod_240220171945 converted
File transferred to SAVE
End script
Data from unblock_rod_240220171945 updated
File unblock_rod_240220171945 converted
File transferred to SAVE
End script
Script start unblock_rod_270220170945
Create file unblock_rod_270220170945
File unblock_rod_270220170945 created
Data from unblock_rod_270220170945 updated
File unblock_rod_270220170945 converted
File transferred to SAVE
End script
Script start unblock_rod_270220171045
Create file unblock_rod_270220171045
File unblock_rod_270220171045 created
Data from unblock_rod_270220171045 updated
File unblock_rod_270220171045 converted
File transferred to SAVE
End script
Script start unblock_rod_270220171945
Create file unblock_rod_270220171945
Script start unblock_rod_270220171945
Create file unblock_rod_270220171945
File unblock_rod_270220171945 created
File unblock_rod_270220171945 created
Data from unblock_rod_270220171945 updated
File unblock_rod_270220171945 converted
File transferred to SAVE
End script
Data from unblock_rod_270220171945 updated
File unblock_rod_270220171945 converted
File transferred to SAVE
End script
Script start unblock_rod_280220170945
Create file unblock_rod_280220170945
File unblock_rod_280220170945 created
Data from unblock_rod_280220170945 updated
File unblock_rod_280220170945 converted
File transferred to SAVE
End script
Script start unblock_rod_280220171045
Create file unblock_rod_280220171045
File unblock_rod_280220171045 created
Data from unblock_rod_280220171045 updated
File unblock_rod_280220171045 converted
File transferred to SAVE
End script
Script start unblock_rod_280220171945
Script start unblock_rod_280220171945
Create file unblock_rod_280220171945
Create file unblock_rod_280220171945
File unblock_rod_280220171945 created
File unblock_rod_280220171945 created
Data from unblock_rod_280220171945 updated
File unblock_rod_280220171945 converted
File transferred to SAVE
End script
Data from unblock_rod_280220171945 updated
File unblock_rod_280220171945 converted
File transferred to SAVE
End script
Script start unblock_rod_010320170945
Create file unblock_rod_010320170945
File unblock_rod_010320170945 created
Data from unblock_rod_010320170945 updated
File unblock_rod_010320170945 converted
File transferred to SAVE
End script
Script start unblock_rod_010320171045
Create file unblock_rod_010320171045
File unblock_rod_010320171045 created
Data from unblock_rod_010320171045 updated
File unblock_rod_010320171045 converted
File transferred to SAVE
End script
Script start unblock_rod_010320171945
Script start unblock_rod_010320171945
Create file unblock_rod_010320171945
Create file unblock_rod_010320171945
File unblock_rod_010320171945 created
File unblock_rod_010320171945 created
Data from unblock_rod_010320171945 updated
File unblock_rod_010320171945 converted
File transferred to SAVE
End script
Data from unblock_rod_010320171945 updated
File unblock_rod_010320171945 converted
File transferred to SAVE
End script
Script start unblock_rod_020320170945
Create file unblock_rod_020320170945
File unblock_rod_020320170945 created
Data from unblock_rod_020320170945 updated
File unblock_rod_020320170945 converted
File transferred to SAVE
End script
Script start unblock_rod_020320171045
Create file unblock_rod_020320171045
File unblock_rod_020320171045 created
Data from unblock_rod_020320171045 updated
File unblock_rod_020320171045 converted
File transferred to SAVE
End script
Script start unblock_rod_020320171945
Create file unblock_rod_020320171945
Script start unblock_rod_020320171945
Create file unblock_rod_020320171945
File unblock_rod_020320171945 created
File unblock_rod_020320171945 created
Data from unblock_rod_020320171945 updated
File unblock_rod_020320171945 converted
File transferred to SAVE
End script
Data from unblock_rod_020320171945 updated
File unblock_rod_020320171945 converted
File transferred to SAVE
End script
Script start unblock_rod_030320170945
Create file unblock_rod_030320170945
File unblock_rod_030320170945 created
Data from unblock_rod_030320170945 updated
File unblock_rod_030320170945 converted
File transferred to SAVE
End script
Script start unblock_rod_030320171045
Create file unblock_rod_030320171045
File unblock_rod_030320171045 created
Data from unblock_rod_030320171045 updated
File unblock_rod_030320171045 converted
File transferred to SAVE
End script
Script start unblock_rod_030320171945
Create file unblock_rod_030320171945
Script start unblock_rod_030320171945
Create file unblock_rod_030320171945
File unblock_rod_030320171945 created
File unblock_rod_030320171945 created
Data from unblock_rod_030320171945 updated
File unblock_rod_030320171945 converted
File transferred to SAVE
End script
Data from unblock_rod_030320171945 updated
File unblock_rod_030320171945 converted
File transferred to SAVE
End script
Script start unblock_rod_060320170945
Create file unblock_rod_060320170945
File unblock_rod_060320170945 created
Data from unblock_rod_060320170945 updated
File unblock_rod_060320170945 converted
File transferred to SAVE
End script
Script start unblock_rod_060320171045
Create file unblock_rod_060320171045
File unblock_rod_060320171045 created
Data from unblock_rod_060320171045 updated
File unblock_rod_060320171045 converted
File transferred to SAVE
End script
Script start unblock_rod_060320171945
Create file unblock_rod_060320171945
Script start unblock_rod_060320171945
Create file unblock_rod_060320171945
File unblock_rod_060320171945 created
File unblock_rod_060320171945 created
Data from unblock_rod_060320171945 updated
File unblock_rod_060320171945 converted
File transferred to SAVE
End script
Data from unblock_rod_060320171945 updated
File unblock_rod_060320171945 converted
File transferred to SAVE
End script
Script start unblock_rod_070320170945
Create file unblock_rod_070320170945
File unblock_rod_070320170945 created
Data from unblock_rod_070320170945 updated
File unblock_rod_070320170945 converted
File transferred to SAVE
End script
Script start unblock_rod_070320171045
Create file unblock_rod_070320171045
File unblock_rod_070320171045 created
Data from unblock_rod_070320171045 updated
File unblock_rod_070320171045 converted
File transferred to SAVE
End script
Script start unblock_rod_070320171945
Script start unblock_rod_070320171945
Create file unblock_rod_070320171945
Create file unblock_rod_070320171945
File unblock_rod_070320171945 created
File unblock_rod_070320171945 created
Data from unblock_rod_070320171945 updated
File unblock_rod_070320171945 converted
File transferred to SAVE
End script
Data from unblock_rod_070320171945 updated
File unblock_rod_070320171945 converted
File transferred to SAVE
End script
Script start unblock_rod_080320170945
Create file unblock_rod_080320170945
File unblock_rod_080320170945 created
Data from unblock_rod_080320170945 updated
File unblock_rod_080320170945 converted
File transferred to SAVE
End script
Script start unblock_rod_080320171045
Create file unblock_rod_080320171045
File unblock_rod_080320171045 created
Data from unblock_rod_080320171045 updated
File unblock_rod_080320171045 converted
File transferred to SAVE
End script
Script start unblock_rod_080320171945
Script start unblock_rod_080320171945
Create file unblock_rod_080320171945
Create file unblock_rod_080320171945
File unblock_rod_080320171945 created
File unblock_rod_080320171945 created
Data from unblock_rod_080320171945 updated
File unblock_rod_080320171945 converted
File transferred to SAVE
End script
Data from unblock_rod_080320171945 updated
File unblock_rod_080320171945 converted
File transferred to SAVE
End script
Script start unblock_rod_090320170945
Create file unblock_rod_090320170945
File unblock_rod_090320170945 created
Data from unblock_rod_090320170945 updated
File unblock_rod_090320170945 converted
File transferred to SAVE
End script
Script start unblock_rod_090320171045
Create file unblock_rod_090320171045
File unblock_rod_090320171045 created
Data from unblock_rod_090320171045 updated
File unblock_rod_090320171045 converted
File transferred to SAVE
End script
Script start unblock_rod_090320171945
Script start unblock_rod_090320171945
Create file unblock_rod_090320171945
Create file unblock_rod_090320171945
File unblock_rod_090320171945 created
File unblock_rod_090320171945 created
Data from unblock_rod_090320171945 updated
File unblock_rod_090320171945 converted
File transferred to SAVE
End script
Data from unblock_rod_090320171945 updated
File unblock_rod_090320171945 converted
File transferred to SAVE
End script
Script start unblock_rod_100320170945
Create file unblock_rod_100320170945
File unblock_rod_100320170945 created
Data from unblock_rod_100320170945 updated
File unblock_rod_100320170945 converted
File transferred to SAVE
End script
Script start unblock_rod_100320171045
Create file unblock_rod_100320171045
File unblock_rod_100320171045 created
Data from unblock_rod_100320171045 updated
File unblock_rod_100320171045 converted
File transferred to SAVE
End script
Script start unblock_rod_100320171945
Create file unblock_rod_100320171945
Script start unblock_rod_100320171945
Create file unblock_rod_100320171945
File unblock_rod_100320171945 created
File unblock_rod_100320171945 created
Data from unblock_rod_100320171945 updated
File unblock_rod_100320171945 converted
File transferred to SAVE
End script
Data from unblock_rod_100320171945 updated
File unblock_rod_100320171945 converted
File transferred to SAVE
End script
Script start unblock_rod_130320170945
Create file unblock_rod_130320170945
File unblock_rod_130320170945 created
Data from unblock_rod_130320170945 updated
File unblock_rod_130320170945 converted
File transferred to SAVE
End script
Script start unblock_rod_130320171045
Create file unblock_rod_130320171045
File unblock_rod_130320171045 created
Data from unblock_rod_130320171045 updated
File unblock_rod_130320171045 converted
File transferred to SAVE
End script
Script start unblock_rod_130320171945
Create file unblock_rod_130320171945
Script start unblock_rod_130320171945
Create file unblock_rod_130320171945
File unblock_rod_130320171945 created
File unblock_rod_130320171945 created
Data from unblock_rod_130320171945 updated
File unblock_rod_130320171945 converted
File transferred to SAVE
End script
Data from unblock_rod_130320171945 updated
File unblock_rod_130320171945 converted
File transferred to SAVE
End script
Script start unblock_rod_140320170945
Create file unblock_rod_140320170945
File unblock_rod_140320170945 created
Data from unblock_rod_140320170945 updated
File unblock_rod_140320170945 converted
File transferred to SAVE
End script
Script start unblock_rod_140320171045
Create file unblock_rod_140320171045
File unblock_rod_140320171045 created
Data from unblock_rod_140320171045 updated
File unblock_rod_140320171045 converted
File transferred to SAVE
End script
Script start unblock_rod_140320171945
Create file unblock_rod_140320171945
Script start unblock_rod_140320171945
Create file unblock_rod_140320171945
File unblock_rod_140320171945 created
File unblock_rod_140320171945 created
Data from unblock_rod_140320171945 updated
File unblock_rod_140320171945 converted
File transferred to SAVE
End script
Data from unblock_rod_140320171945 updated
File unblock_rod_140320171945 converted
File transferred to SAVE
End script
Script start unblock_rod_150320170945
Create file unblock_rod_150320170945
File unblock_rod_150320170945 created
Data from unblock_rod_150320170945 updated
File unblock_rod_150320170945 converted
File transferred to SAVE
End script
Script start unblock_rod_150320171045
Create file unblock_rod_150320171045
File unblock_rod_150320171045 created
Data from unblock_rod_150320171045 updated
File unblock_rod_150320171045 converted
File transferred to SAVE
End script
Script start unblock_rod_150320171945
Create file unblock_rod_150320171945
Script start unblock_rod_150320171945
Create file unblock_rod_150320171945
File unblock_rod_150320171945 created
File unblock_rod_150320171945 created
Data from unblock_rod_150320171945 updated
File unblock_rod_150320171945 converted
File transferred to SAVE
End script
Data from unblock_rod_150320171945 updated
File unblock_rod_150320171945 converted
File transferred to SAVE
End script
Script start unblock_rod_160320170945
Create file unblock_rod_160320170945
File unblock_rod_160320170945 created
Data from unblock_rod_160320170945 updated
File unblock_rod_160320170945 converted
File transferred to SAVE
End script
Script start unblock_rod_160320171045
Create file unblock_rod_160320171045
File unblock_rod_160320171045 created
Data from unblock_rod_160320171045 updated
File unblock_rod_160320171045 converted
File transferred to SAVE
End script
Script start unblock_rod_160320171945
Create file unblock_rod_160320171945
Script start unblock_rod_160320171945
Create file unblock_rod_160320171945
File unblock_rod_160320171945 created
File unblock_rod_160320171945 created
Data from unblock_rod_160320171945 updated
File unblock_rod_160320171945 converted
File transferred to SAVE
End script
Data from unblock_rod_160320171945 updated
File unblock_rod_160320171945 converted
File transferred to SAVE
End script
Script start unblock_rod_170320170945
Create file unblock_rod_170320170945
File unblock_rod_170320170945 created
Data from unblock_rod_170320170945 updated
File unblock_rod_170320170945 converted
File transferred to SAVE
End script
Script start unblock_rod_170320171045
Create file unblock_rod_170320171045
File unblock_rod_170320171045 created
Data from unblock_rod_170320171045 updated
File unblock_rod_170320171045 converted
File transferred to SAVE
End script
Script start unblock_rod_170320171945
Create file unblock_rod_170320171945
Script start unblock_rod_170320171945
Create file unblock_rod_170320171945
File unblock_rod_170320171945 created
File unblock_rod_170320171945 created
Data from unblock_rod_170320171945 updated
File unblock_rod_170320171945 converted
File transferred to SAVE
End script
Data from unblock_rod_170320171945 updated
File unblock_rod_170320171945 converted
File transferred to SAVE
End script
Script start unblock_rod_200320170945
Create file unblock_rod_200320170945
File unblock_rod_200320170945 created
Data from unblock_rod_200320170945 updated
File unblock_rod_200320170945 converted
File transferred to SAVE
End script
Script start unblock_rod_200320171045
Create file unblock_rod_200320171045
File unblock_rod_200320171045 created
Data from unblock_rod_200320171045 updated
File unblock_rod_200320171045 converted
File transferred to SAVE
End script
Script start unblock_rod_200320171945
Create file unblock_rod_200320171945
Script start unblock_rod_200320171945
Create file unblock_rod_200320171945
File unblock_rod_200320171945 created
File unblock_rod_200320171945 created
Data from unblock_rod_200320171945 updated
File unblock_rod_200320171945 converted
File transferred to SAVE
End script
Data from unblock_rod_200320171945 updated
File unblock_rod_200320171945 converted
File transferred to SAVE
End script
Script start unblock_rod_210320170945
Create file unblock_rod_210320170945
File unblock_rod_210320170945 created
Data from unblock_rod_210320170945 updated
File unblock_rod_210320170945 converted
File transferred to SAVE
End script
Script start unblock_rod_210320171045
Create file unblock_rod_210320171045
File unblock_rod_210320171045 created
Data from unblock_rod_210320171045 updated
File unblock_rod_210320171045 converted
File transferred to SAVE
End script
Script start unblock_rod_210320171945
Script start unblock_rod_210320171945
Create file unblock_rod_210320171945
Create file unblock_rod_210320171945
File unblock_rod_210320171945 created
File unblock_rod_210320171945 created
Data from unblock_rod_210320171945 updated
File unblock_rod_210320171945 converted
File transferred to SAVE
End script
Data from unblock_rod_210320171945 updated
File unblock_rod_210320171945 converted
File transferred to SAVE
End script
Script start unblock_rod_220320170945
Create file unblock_rod_220320170945
File unblock_rod_220320170945 created
Data from unblock_rod_220320170945 updated
File unblock_rod_220320170945 converted
File transferred to SAVE
End script
Script start unblock_rod_220320171045
Create file unblock_rod_220320171045
File unblock_rod_220320171045 created
Data from unblock_rod_220320171045 updated
File unblock_rod_220320171045 converted
File transferred to SAVE
End script
Script start unblock_rod_220320171945
Create file unblock_rod_220320171945
Script start unblock_rod_220320171945
Create file unblock_rod_220320171945
File unblock_rod_220320171945 created
File unblock_rod_220320171945 created
Data from unblock_rod_220320171945 updated
File unblock_rod_220320171945 converted
File transferred to SAVE
End script
Data from unblock_rod_220320171945 updated
File unblock_rod_220320171945 converted
File transferred to SAVE
End script
Script start unblock_rod_230320170945
Create file unblock_rod_230320170945
File unblock_rod_230320170945 created
Data from unblock_rod_230320170945 updated
File unblock_rod_230320170945 converted
File transferred to SAVE
End script
Script start unblock_rod_230320171045
Create file unblock_rod_230320171045
File unblock_rod_230320171045 created
Data from unblock_rod_230320171045 updated
File unblock_rod_230320171045 converted
File transferred to SAVE
End script
Script start unblock_rod_230320171945
Create file unblock_rod_230320171945
Script start unblock_rod_230320171945
Create file unblock_rod_230320171945
File unblock_rod_230320171945 created
File unblock_rod_230320171945 created
Data from unblock_rod_230320171945 updated
File unblock_rod_230320171945 converted
File transferred to SAVE
End script
Data from unblock_rod_230320171945 updated
File unblock_rod_230320171945 converted
File transferred to SAVE
End script
Script start unblock_rod_240320170945
Create file unblock_rod_240320170945
File unblock_rod_240320170945 created
Data from unblock_rod_240320170945 updated
File unblock_rod_240320170945 converted
File transferred to SAVE
End script
Script start unblock_rod_240320171045
Create file unblock_rod_240320171045
File unblock_rod_240320171045 created
Data from unblock_rod_240320171045 updated
File unblock_rod_240320171045 converted
File transferred to SAVE
End script
Script start unblock_rod_240320171945
Script start unblock_rod_240320171945
Create file unblock_rod_240320171945
Create file unblock_rod_240320171945
File unblock_rod_240320171945 created
File unblock_rod_240320171945 created
Data from unblock_rod_240320171945 updated
File unblock_rod_240320171945 converted
File transferred to SAVE
End script
Data from unblock_rod_240320171945 updated
File unblock_rod_240320171945 converted
File transferred to SAVE
End script
Script start unblock_rod_270320170945
Create file unblock_rod_270320170945
File unblock_rod_270320170945 created
Data from unblock_rod_270320170945 updated
File unblock_rod_270320170945 converted
File transferred to SAVE
End script
Script start unblock_rod_270320171045
Create file unblock_rod_270320171045
File unblock_rod_270320171045 created
Data from unblock_rod_270320171045 updated
File unblock_rod_270320171045 converted
File transferred to SAVE
End script
Script start unblock_rod_270320171945
Create file unblock_rod_270320171945
Script start unblock_rod_270320171945
Create file unblock_rod_270320171945
File unblock_rod_270320171945 created
File unblock_rod_270320171945 created
Data from unblock_rod_270320171945 updated
File unblock_rod_270320171945 converted
File transferred to SAVE
End script
Data from unblock_rod_270320171945 updated
File unblock_rod_270320171945 converted
File transferred to SAVE
End script
Script start unblock_rod_280320170945
Create file unblock_rod_280320170945
File unblock_rod_280320170945 created
Data from unblock_rod_280320170945 updated
File unblock_rod_280320170945 converted
File transferred to SAVE
End script
Script start unblock_rod_280320171045
Create file unblock_rod_280320171045
File unblock_rod_280320171045 created
Data from unblock_rod_280320171045 updated
File unblock_rod_280320171045 converted
File transferred to SAVE
End script
Script start unblock_rod_280320171945
Create file unblock_rod_280320171945
Script start unblock_rod_280320171945
Create file unblock_rod_280320171945
File unblock_rod_280320171945 created
File unblock_rod_280320171945 created
Data from unblock_rod_280320171945 updated
File unblock_rod_280320171945 converted
File transferred to SAVE
End script
Data from unblock_rod_280320171945 updated
File unblock_rod_280320171945 converted
File transferred to SAVE
End script
Script start unblock_rod_290320170945
Create file unblock_rod_290320170945
File unblock_rod_290320170945 created
Data from unblock_rod_290320170945 updated
File unblock_rod_290320170945 converted
File transferred to SAVE
End script
Script start unblock_rod_290320171045
Create file unblock_rod_290320171045
File unblock_rod_290320171045 created
Data from unblock_rod_290320171045 updated
File unblock_rod_290320171045 converted
File transferred to SAVE
End script
Script start unblock_rod_290320171945
Script start unblock_rod_290320171945
Create file unblock_rod_290320171945
Create file unblock_rod_290320171945
File unblock_rod_290320171945 created
File unblock_rod_290320171945 created
Data from unblock_rod_290320171945 updated
File unblock_rod_290320171945 converted
File transferred to SAVE
End script
Data from unblock_rod_290320171945 updated
File unblock_rod_290320171945 converted
File transferred to SAVE
End script
Script start unblock_rod_300320170945
Create file unblock_rod_300320170945
File unblock_rod_300320170945 created
Data from unblock_rod_300320170945 updated
File unblock_rod_300320170945 converted
File transferred to SAVE
End script
Script start unblock_rod_300320171045
Create file unblock_rod_300320171045
File unblock_rod_300320171045 created
Data from unblock_rod_300320171045 updated
File unblock_rod_300320171045 converted
File transferred to SAVE
End script
Script start unblock_rod_300320171945
Create file unblock_rod_300320171945
Script start unblock_rod_300320171945
Create file unblock_rod_300320171945
File unblock_rod_300320171945 created
File unblock_rod_300320171945 created
Data from unblock_rod_300320171945 updated
File unblock_rod_300320171945 converted
File transferred to SAVE
End script
Data from unblock_rod_300320171945 updated
File unblock_rod_300320171945 converted
File transferred to SAVE
End script
Script start unblock_rod_310320170945
Create file unblock_rod_310320170945
File unblock_rod_310320170945 created
Data from unblock_rod_310320170945 updated
File unblock_rod_310320170945 converted
File transferred to SAVE
End script
Script start unblock_rod_310320171045
Create file unblock_rod_310320171045
File unblock_rod_310320171045 created
Data from unblock_rod_310320171045 updated
File unblock_rod_310320171045 converted
File transferred to SAVE
End script
Script start unblock_rod_310320171945
Script start unblock_rod_310320171945
Create file unblock_rod_310320171945
Create file unblock_rod_310320171945
File unblock_rod_310320171945 created
File unblock_rod_310320171945 created
Data from unblock_rod_310320171945 updated
File unblock_rod_310320171945 converted
File transferred to SAVE
End script
Data from unblock_rod_310320171945 updated
File unblock_rod_310320171945 converted
File transferred to SAVE
End script
Script start unblock_rod_030420170945
Create file unblock_rod_030420170945
File unblock_rod_030420170945 created
Data from unblock_rod_030420170945 updated
File unblock_rod_030420170945 converted
File transferred to SAVE
End script
Script start unblock_rod_030420171045
Create file unblock_rod_030420171045
File unblock_rod_030420171045 created
Data from unblock_rod_030420171045 updated
File unblock_rod_030420171045 converted
File transferred to SAVE
End script
Script start unblock_rod_030420171945
Create file unblock_rod_030420171945
Script start unblock_rod_030420171945
Create file unblock_rod_030420171945
File unblock_rod_030420171945 created
File unblock_rod_030420171945 created
Data from unblock_rod_030420171945 updated
File unblock_rod_030420171945 converted
File transferred to SAVE
End script
Data from unblock_rod_030420171945 updated
File unblock_rod_030420171945 converted
File transferred to SAVE
End script
Script start unblock_rod_040420170945
Create file unblock_rod_040420170945
File unblock_rod_040420170945 created
Data from unblock_rod_040420170945 updated
File unblock_rod_040420170945 converted
File transferred to SAVE
End script
Script start unblock_rod_040420171045
Create file unblock_rod_040420171045
File unblock_rod_040420171045 created
Data from unblock_rod_040420171045 updated
File unblock_rod_040420171045 converted
File transferred to SAVE
End script
Script start unblock_rod_040420171945
Script start unblock_rod_040420171945
Create file unblock_rod_040420171945
Create file unblock_rod_040420171945
File unblock_rod_040420171945 created
File unblock_rod_040420171945 created
Data from unblock_rod_040420171945 updated
File unblock_rod_040420171945 converted
File transferred to SAVE
End script
Data from unblock_rod_040420171945 updated
File unblock_rod_040420171945 converted
File transferred to SAVE
End script
Script start unblock_rod_050420170945
Create file unblock_rod_050420170945
File unblock_rod_050420170945 created
Data from unblock_rod_050420170945 updated
File unblock_rod_050420170945 converted
File transferred to SAVE
End script
Script start unblock_rod_050420171045
Create file unblock_rod_050420171045
File unblock_rod_050420171045 created
Data from unblock_rod_050420171045 updated
File unblock_rod_050420171045 converted
File transferred to SAVE
End script
Script start unblock_rod_050420171945
Script start unblock_rod_050420171945
Create file unblock_rod_050420171945
Create file unblock_rod_050420171945
File unblock_rod_050420171945 created
File unblock_rod_050420171945 created
Data from unblock_rod_050420171945 updated
File unblock_rod_050420171945 converted
File transferred to SAVE
End script
Data from unblock_rod_050420171945 updated
File unblock_rod_050420171945 converted
File transferred to SAVE
End script
Script start unblock_rod_060420170945
Create file unblock_rod_060420170945
File unblock_rod_060420170945 created
Data from unblock_rod_060420170945 updated
File unblock_rod_060420170945 converted
File transferred to SAVE
End script
Script start unblock_rod_060420171045
Create file unblock_rod_060420171045
File unblock_rod_060420171045 created
Data from unblock_rod_060420171045 updated
File unblock_rod_060420171045 converted
File transferred to SAVE
End script
Script start unblock_rod_060420171945
Script start unblock_rod_060420171945
Create file unblock_rod_060420171945
Create file unblock_rod_060420171945
File unblock_rod_060420171945 created
File unblock_rod_060420171945 created
Data from unblock_rod_060420171945 updated
File unblock_rod_060420171945 converted
File transferred to SAVE
End script
Data from unblock_rod_060420171945 updated
File unblock_rod_060420171945 converted
File transferred to SAVE
End script
Script start unblock_rod_070420170945
Create file unblock_rod_070420170945
File unblock_rod_070420170945 created
Data from unblock_rod_070420170945 updated
File unblock_rod_070420170945 converted
File transferred to SAVE
End script
Script start unblock_rod_070420171045
Create file unblock_rod_070420171045
File unblock_rod_070420171045 created
Data from unblock_rod_070420171045 updated
File unblock_rod_070420171045 converted
File transferred to SAVE
End script
Script start unblock_rod_070420171945
Script start unblock_rod_070420171945
Create file unblock_rod_070420171945
Create file unblock_rod_070420171945
File unblock_rod_070420171945 created
File unblock_rod_070420171945 created
Data from unblock_rod_070420171945 updated
File unblock_rod_070420171945 converted
File transferred to SAVE
End script
Data from unblock_rod_070420171945 updated
File unblock_rod_070420171945 converted
File transferred to SAVE
End script
Script start unblock_rod_100420170945
Create file unblock_rod_100420170945
File unblock_rod_100420170945 created
Data from unblock_rod_100420170945 updated
File unblock_rod_100420170945 converted
File transferred to SAVE
End script
Script start unblock_rod_100420171045
Create file unblock_rod_100420171045
File unblock_rod_100420171045 created
Data from unblock_rod_100420171045 updated
File unblock_rod_100420171045 converted
File transferred to SAVE
End script
Script start unblock_rod_100420171945
Script start unblock_rod_100420171945
Create file unblock_rod_100420171945
Create file unblock_rod_100420171945
File unblock_rod_100420171945 created
File unblock_rod_100420171945 created
Data from unblock_rod_100420171945 updated
File unblock_rod_100420171945 converted
File transferred to SAVE
End script
Data from unblock_rod_100420171945 updated
File unblock_rod_100420171945 converted
File transferred to SAVE
End script
Script start unblock_rod_110420170945
Create file unblock_rod_110420170945
File unblock_rod_110420170945 created
Data from unblock_rod_110420170945 updated
File unblock_rod_110420170945 converted
File transferred to SAVE
End script
Script start unblock_rod_110420171045
Create file unblock_rod_110420171045
File unblock_rod_110420171045 created
Data from unblock_rod_110420171045 updated
File unblock_rod_110420171045 converted
File transferred to SAVE
End script
