Script start 
Create file unblock_tar_
File unblock_tar_ created
Data from unblock_tar_ updated
File unblock_tar_ converted
File transferred to SAVE
End script
Script start unblock_tar_
Create file unblock_tar_
File unblock_tar_ created
Data from unblock_tar_ updated
File unblock_tar_ converted
File transferred to SAVE
End script
Script start unblock_tar_270120171652
Create file unblock_tar_270120171652
File unblock_tar_270120171652 created
Data from unblock_tar_270120171652 updated
File unblock_tar_270120171652 converted
File transferred to SAVE
End script
Script start unblock_tar_270120171654
Create file unblock_tar_270120171654
File unblock_tar_270120171654 created
Data from unblock_tar_270120171654 updated
File unblock_tar_270120171654 converted
File transferred to SAVE
End script
Script start unblock_tar_270120171700
Create file unblock_tar_270120171700
File unblock_tar_270120171700 created
Data from unblock_tar_270120171700 updated
File unblock_tar_270120171700 converted
File transferred to SAVE
End script
Script start unblock_tar_270120171703
Create file unblock_tar_270120171703
File unblock_tar_270120171703 created
Data from unblock_tar_270120171703 updated
File unblock_tar_270120171703 converted
File transferred to SAVE
End script
Script start unblock_tar_270120171705
Create file unblock_tar_270120171705
File unblock_tar_270120171705 created
Script start unblock_tar_270120171708
Create file unblock_tar_270120171708
File unblock_tar_270120171708 created
Data from unblock_tar_270120171708 updated
File unblock_tar_270120171708 converted
File transferred to SAVE
End script
Script start unblock_tar_270120171711
Create file unblock_tar_270120171711
File unblock_tar_270120171711 created
Data from unblock_tar_270120171711 updated
File unblock_tar_270120171711 converted
File transferred to SAVE
End script
Script start unblock_tar_270120171713
Create file unblock_tar_270120171713
File unblock_tar_270120171713 created
Data from unblock_tar_270120171713 updated
File unblock_tar_270120171713 converted
File transferred to SAVE
End script
Script start unblock_tar_270120171717
Create file unblock_tar_270120171717
File unblock_tar_270120171717 created
Data from unblock_tar_270120171717 updated
File unblock_tar_270120171717 converted
File transferred to SAVE
End script
Script start unblock_tar_300120171734
Create file unblock_tar_300120171734
File unblock_tar_300120171734 created
Data from unblock_tar_300120171734 updated
File unblock_tar_300120171734 converted
File transferred to SAVE
End script
Script start unblock_tar_310120171030
Create file unblock_tar_310120171030
File unblock_tar_310120171030 created
Data from unblock_tar_310120171030 updated
File unblock_tar_310120171030 converted
File transferred to SAVE
End script
Script start unblock_tar_310120171046
Create file unblock_tar_310120171046
File unblock_tar_310120171046 created
Data from unblock_tar_310120171046 updated
File unblock_tar_310120171046 converted
File transferred to SAVE
End script
Script start unblock_tar_310120171051
Create file unblock_tar_310120171051
File unblock_tar_310120171051 created
Data from unblock_tar_310120171051 updated
File unblock_tar_310120171051 converted
File transferred to SAVE
End script
Script start unblock_tar_310120171125
Create file unblock_tar_310120171125
File unblock_tar_310120171125 created
Data from unblock_tar_310120171125 updated
File unblock_tar_310120171125 converted
File transferred to SAVE
End script
Script start unblock_tar_310120171930
Create file unblock_tar_310120171930
File unblock_tar_310120171930 created
Data from unblock_tar_310120171930 updated
File unblock_tar_310120171930 converted
File transferred to SAVE
End script
Script start unblock_tar_010220171030
Create file unblock_tar_010220171030
File unblock_tar_010220171030 created
Data from unblock_tar_010220171030 updated
File unblock_tar_010220171030 converted
File transferred to SAVE
End script
Script start unblock_tar_010220171930
Create file unblock_tar_010220171930
File unblock_tar_010220171930 created
Data from unblock_tar_010220171930 updated
File unblock_tar_010220171930 converted
File transferred to SAVE
End script
Script start unblock_tar_020220171030
Create file unblock_tar_020220171030
File unblock_tar_020220171030 created
Data from unblock_tar_020220171030 updated
File unblock_tar_020220171030 converted
File transferred to SAVE
End script
Script start unblock_tar_020220171930
Create file unblock_tar_020220171930
File unblock_tar_020220171930 created
Data from unblock_tar_020220171930 updated
File unblock_tar_020220171930 converted
File transferred to SAVE
End script
Script start unblock_tar_030220171030
Create file unblock_tar_030220171030
File unblock_tar_030220171030 created
Data from unblock_tar_030220171030 updated
File unblock_tar_030220171030 converted
File transferred to SAVE
End script
Script start unblock_tar_030220171930
Create file unblock_tar_030220171930
File unblock_tar_030220171930 created
Data from unblock_tar_030220171930 updated
File unblock_tar_030220171930 converted
File transferred to SAVE
End script
Script start unblock_tar_060220171030
Create file unblock_tar_060220171030
File unblock_tar_060220171030 created
Data from unblock_tar_060220171030 updated
File unblock_tar_060220171030 converted
File transferred to SAVE
End script
Script start unblock_tar_060220171930
Create file unblock_tar_060220171930
File unblock_tar_060220171930 created
Data from unblock_tar_060220171930 updated
File unblock_tar_060220171930 converted
File transferred to SAVE
End script
Script start unblock_tar_070220171030
Create file unblock_tar_070220171030
File unblock_tar_070220171030 created
Data from unblock_tar_070220171030 updated
File unblock_tar_070220171030 converted
File transferred to SAVE
End script
Script start unblock_tar_070220171930
Create file unblock_tar_070220171930
File unblock_tar_070220171930 created
Data from unblock_tar_070220171930 updated
File unblock_tar_070220171930 converted
File transferred to SAVE
End script
Script start unblock_tar_080220171030
Create file unblock_tar_080220171030
File unblock_tar_080220171030 created
Data from unblock_tar_080220171030 updated
File unblock_tar_080220171030 converted
File transferred to SAVE
End script
Script start unblock_tar_080220171930
Create file unblock_tar_080220171930
File unblock_tar_080220171930 created
Data from unblock_tar_080220171930 updated
File unblock_tar_080220171930 converted
File transferred to SAVE
End script
Script start unblock_tar_090220171030
Create file unblock_tar_090220171030
File unblock_tar_090220171030 created
Data from unblock_tar_090220171030 updated
File unblock_tar_090220171030 converted
File transferred to SAVE
End script
Script start unblock_tar_090220171930
Create file unblock_tar_090220171930
File unblock_tar_090220171930 created
Data from unblock_tar_090220171930 updated
File unblock_tar_090220171930 converted
File transferred to SAVE
End script
Script start unblock_tar_100220171030
Create file unblock_tar_100220171030
File unblock_tar_100220171030 created
Data from unblock_tar_100220171030 updated
File unblock_tar_100220171030 converted
File transferred to SAVE
End script
Script start unblock_tar_100220171930
Create file unblock_tar_100220171930
File unblock_tar_100220171930 created
Data from unblock_tar_100220171930 updated
File unblock_tar_100220171930 converted
File transferred to SAVE
End script
Script start unblock_tar_130220171030
Create file unblock_tar_130220171030
File unblock_tar_130220171030 created
Data from unblock_tar_130220171030 updated
File unblock_tar_130220171030 converted
File transferred to SAVE
End script
Script start unblock_tar_130220171930
Create file unblock_tar_130220171930
File unblock_tar_130220171930 created
Data from unblock_tar_130220171930 updated
File unblock_tar_130220171930 converted
File transferred to SAVE
End script
Script start unblock_tar_140220171030
Create file unblock_tar_140220171030
File unblock_tar_140220171030 created
Data from unblock_tar_140220171030 updated
File unblock_tar_140220171030 converted
File transferred to SAVE
End script
Script start unblock_tar_140220171930
Create file unblock_tar_140220171930
File unblock_tar_140220171930 created
Data from unblock_tar_140220171930 updated
File unblock_tar_140220171930 converted
File transferred to SAVE
End script
Script start unblock_tar_150220171030
Create file unblock_tar_150220171030
File unblock_tar_150220171030 created
Data from unblock_tar_150220171030 updated
File unblock_tar_150220171030 converted
File transferred to SAVE
End script
Script start unblock_tar_150220171930
Create file unblock_tar_150220171930
File unblock_tar_150220171930 created
Data from unblock_tar_150220171930 updated
File unblock_tar_150220171930 converted
File transferred to SAVE
End script
Script start unblock_tar_160220171030
Create file unblock_tar_160220171030
File unblock_tar_160220171030 created
Data from unblock_tar_160220171030 updated
File unblock_tar_160220171030 converted
File transferred to SAVE
End script
Script start unblock_tar_160220171930
Create file unblock_tar_160220171930
File unblock_tar_160220171930 created
Data from unblock_tar_160220171930 updated
File unblock_tar_160220171930 converted
File transferred to SAVE
End script
Script start unblock_tar_170220171030
Create file unblock_tar_170220171030
File unblock_tar_170220171030 created
Data from unblock_tar_170220171030 updated
File unblock_tar_170220171030 converted
File transferred to SAVE
End script
Script start unblock_tar_170220171930
Create file unblock_tar_170220171930
File unblock_tar_170220171930 created
Data from unblock_tar_170220171930 updated
File unblock_tar_170220171930 converted
File transferred to SAVE
End script
Script start unblock_tar_200220171030
Create file unblock_tar_200220171030
File unblock_tar_200220171030 created
Data from unblock_tar_200220171030 updated
File unblock_tar_200220171030 converted
File transferred to SAVE
End script
Script start unblock_tar_200220171930
Create file unblock_tar_200220171930
File unblock_tar_200220171930 created
Data from unblock_tar_200220171930 updated
File unblock_tar_200220171930 converted
File transferred to SAVE
End script
Script start unblock_tar_210220171030
Create file unblock_tar_210220171030
File unblock_tar_210220171030 created
Data from unblock_tar_210220171030 updated
File unblock_tar_210220171030 converted
File transferred to SAVE
End script
Script start unblock_tar_210220171930
Create file unblock_tar_210220171930
File unblock_tar_210220171930 created
Data from unblock_tar_210220171930 updated
File unblock_tar_210220171930 converted
File transferred to SAVE
End script
Script start unblock_tar_220220171030
Create file unblock_tar_220220171030
File unblock_tar_220220171030 created
Data from unblock_tar_220220171030 updated
File unblock_tar_220220171030 converted
File transferred to SAVE
End script
Script start unblock_tar_220220171930
Create file unblock_tar_220220171930
File unblock_tar_220220171930 created
Data from unblock_tar_220220171930 updated
File unblock_tar_220220171930 converted
File transferred to SAVE
End script
Script start unblock_tar_230220171030
Create file unblock_tar_230220171030
File unblock_tar_230220171030 created
Data from unblock_tar_230220171030 updated
File unblock_tar_230220171030 converted
File transferred to SAVE
End script
Script start unblock_tar_230220171930
Create file unblock_tar_230220171930
File unblock_tar_230220171930 created
Data from unblock_tar_230220171930 updated
File unblock_tar_230220171930 converted
File transferred to SAVE
End script
Script start unblock_tar_240220171030
Create file unblock_tar_240220171030
File unblock_tar_240220171030 created
Data from unblock_tar_240220171030 updated
File unblock_tar_240220171030 converted
File transferred to SAVE
End script
Script start unblock_tar_240220171930
Create file unblock_tar_240220171930
File unblock_tar_240220171930 created
Data from unblock_tar_240220171930 updated
File unblock_tar_240220171930 converted
File transferred to SAVE
End script
Script start unblock_tar_270220171030
Create file unblock_tar_270220171030
File unblock_tar_270220171030 created
Data from unblock_tar_270220171030 updated
File unblock_tar_270220171030 converted
File transferred to SAVE
End script
Script start unblock_tar_270220171930
Create file unblock_tar_270220171930
File unblock_tar_270220171930 created
Data from unblock_tar_270220171930 updated
File unblock_tar_270220171930 converted
File transferred to SAVE
End script
Script start unblock_tar_280220171030
Create file unblock_tar_280220171030
File unblock_tar_280220171030 created
Data from unblock_tar_280220171030 updated
File unblock_tar_280220171030 converted
File transferred to SAVE
End script
Script start unblock_tar_280220171930
Create file unblock_tar_280220171930
File unblock_tar_280220171930 created
Data from unblock_tar_280220171930 updated
File unblock_tar_280220171930 converted
File transferred to SAVE
End script
Script start unblock_tar_010320171030
Create file unblock_tar_010320171030
File unblock_tar_010320171030 created
Data from unblock_tar_010320171030 updated
File unblock_tar_010320171030 converted
File transferred to SAVE
End script
Script start unblock_tar_010320171930
Create file unblock_tar_010320171930
File unblock_tar_010320171930 created
Data from unblock_tar_010320171930 updated
File unblock_tar_010320171930 converted
File transferred to SAVE
End script
Script start unblock_tar_020320171030
Create file unblock_tar_020320171030
File unblock_tar_020320171030 created
Data from unblock_tar_020320171030 updated
File unblock_tar_020320171030 converted
File transferred to SAVE
End script
Script start unblock_tar_020320171930
Create file unblock_tar_020320171930
File unblock_tar_020320171930 created
Data from unblock_tar_020320171930 updated
File unblock_tar_020320171930 converted
File transferred to SAVE
End script
Script start unblock_tar_030320171030
Create file unblock_tar_030320171030
File unblock_tar_030320171030 created
Data from unblock_tar_030320171030 updated
File unblock_tar_030320171030 converted
File transferred to SAVE
End script
Script start unblock_tar_030320171930
Create file unblock_tar_030320171930
File unblock_tar_030320171930 created
Data from unblock_tar_030320171930 updated
File unblock_tar_030320171930 converted
File transferred to SAVE
End script
Script start unblock_tar_060320171030
Create file unblock_tar_060320171030
File unblock_tar_060320171030 created
Data from unblock_tar_060320171030 updated
File unblock_tar_060320171030 converted
File transferred to SAVE
End script
Script start unblock_tar_060320171930
Create file unblock_tar_060320171930
File unblock_tar_060320171930 created
Data from unblock_tar_060320171930 updated
File unblock_tar_060320171930 converted
File transferred to SAVE
End script
Script start unblock_tar_070320171030
Create file unblock_tar_070320171030
File unblock_tar_070320171030 created
Data from unblock_tar_070320171030 updated
File unblock_tar_070320171030 converted
File transferred to SAVE
End script
Script start unblock_tar_070320171930
Create file unblock_tar_070320171930
File unblock_tar_070320171930 created
Data from unblock_tar_070320171930 updated
File unblock_tar_070320171930 converted
File transferred to SAVE
End script
Script start unblock_tar_080320171030
Create file unblock_tar_080320171030
File unblock_tar_080320171030 created
Data from unblock_tar_080320171030 updated
File unblock_tar_080320171030 converted
File transferred to SAVE
End script
Script start unblock_tar_080320171930
Create file unblock_tar_080320171930
File unblock_tar_080320171930 created
Data from unblock_tar_080320171930 updated
File unblock_tar_080320171930 converted
File transferred to SAVE
End script
Script start unblock_tar_090320171030
Create file unblock_tar_090320171030
File unblock_tar_090320171030 created
Data from unblock_tar_090320171030 updated
File unblock_tar_090320171030 converted
File transferred to SAVE
End script
Script start unblock_tar_090320171930
Create file unblock_tar_090320171930
File unblock_tar_090320171930 created
Data from unblock_tar_090320171930 updated
File unblock_tar_090320171930 converted
File transferred to SAVE
End script
Script start unblock_tar_100320171030
Create file unblock_tar_100320171030
File unblock_tar_100320171030 created
Data from unblock_tar_100320171030 updated
File unblock_tar_100320171030 converted
File transferred to SAVE
End script
Script start unblock_tar_100320171930
Create file unblock_tar_100320171930
File unblock_tar_100320171930 created
Data from unblock_tar_100320171930 updated
File unblock_tar_100320171930 converted
File transferred to SAVE
End script
Script start unblock_tar_130320171030
Create file unblock_tar_130320171030
File unblock_tar_130320171030 created
Data from unblock_tar_130320171030 updated
File unblock_tar_130320171030 converted
File transferred to SAVE
End script
Script start unblock_tar_130320171930
Create file unblock_tar_130320171930
File unblock_tar_130320171930 created
Data from unblock_tar_130320171930 updated
File unblock_tar_130320171930 converted
File transferred to SAVE
End script
Script start unblock_tar_140320171030
Create file unblock_tar_140320171030
File unblock_tar_140320171030 created
Data from unblock_tar_140320171030 updated
File unblock_tar_140320171030 converted
File transferred to SAVE
End script
Script start unblock_tar_140320171930
Create file unblock_tar_140320171930
File unblock_tar_140320171930 created
Data from unblock_tar_140320171930 updated
File unblock_tar_140320171930 converted
File transferred to SAVE
End script
Script start unblock_tar_150320171030
Create file unblock_tar_150320171030
File unblock_tar_150320171030 created
Data from unblock_tar_150320171030 updated
File unblock_tar_150320171030 converted
File transferred to SAVE
End script
Script start unblock_tar_150320171930
Create file unblock_tar_150320171930
File unblock_tar_150320171930 created
Data from unblock_tar_150320171930 updated
File unblock_tar_150320171930 converted
File transferred to SAVE
End script
Script start unblock_tar_160320171030
Create file unblock_tar_160320171030
File unblock_tar_160320171030 created
Data from unblock_tar_160320171030 updated
File unblock_tar_160320171030 converted
File transferred to SAVE
End script
Script start unblock_tar_160320171930
Create file unblock_tar_160320171930
File unblock_tar_160320171930 created
Data from unblock_tar_160320171930 updated
File unblock_tar_160320171930 converted
File transferred to SAVE
End script
Script start unblock_tar_170320171030
Create file unblock_tar_170320171030
File unblock_tar_170320171030 created
Data from unblock_tar_170320171030 updated
File unblock_tar_170320171030 converted
File transferred to SAVE
End script
Script start unblock_tar_170320171930
Create file unblock_tar_170320171930
File unblock_tar_170320171930 created
Data from unblock_tar_170320171930 updated
File unblock_tar_170320171930 converted
File transferred to SAVE
End script
Script start unblock_tar_200320171030
Create file unblock_tar_200320171030
File unblock_tar_200320171030 created
Data from unblock_tar_200320171030 updated
File unblock_tar_200320171030 converted
File transferred to SAVE
End script
Script start unblock_tar_200320171930
Create file unblock_tar_200320171930
File unblock_tar_200320171930 created
Data from unblock_tar_200320171930 updated
File unblock_tar_200320171930 converted
File transferred to SAVE
End script
Script start unblock_tar_210320171030
Create file unblock_tar_210320171030
File unblock_tar_210320171030 created
Data from unblock_tar_210320171030 updated
File unblock_tar_210320171030 converted
File transferred to SAVE
End script
Script start unblock_tar_210320171930
Create file unblock_tar_210320171930
File unblock_tar_210320171930 created
Data from unblock_tar_210320171930 updated
File unblock_tar_210320171930 converted
File transferred to SAVE
End script
Script start unblock_tar_220320171030
Create file unblock_tar_220320171030
File unblock_tar_220320171030 created
Data from unblock_tar_220320171030 updated
File unblock_tar_220320171030 converted
File transferred to SAVE
End script
Script start unblock_tar_220320171930
Create file unblock_tar_220320171930
File unblock_tar_220320171930 created
Data from unblock_tar_220320171930 updated
File unblock_tar_220320171930 converted
File transferred to SAVE
End script
Script start unblock_tar_230320171030
Create file unblock_tar_230320171030
File unblock_tar_230320171030 created
Data from unblock_tar_230320171030 updated
File unblock_tar_230320171030 converted
File transferred to SAVE
End script
Script start unblock_tar_230320171930
Create file unblock_tar_230320171930
File unblock_tar_230320171930 created
Data from unblock_tar_230320171930 updated
File unblock_tar_230320171930 converted
File transferred to SAVE
End script
Script start unblock_tar_240320171030
Create file unblock_tar_240320171030
File unblock_tar_240320171030 created
Data from unblock_tar_240320171030 updated
File unblock_tar_240320171030 converted
File transferred to SAVE
End script
Script start unblock_tar_240320171930
Create file unblock_tar_240320171930
File unblock_tar_240320171930 created
Data from unblock_tar_240320171930 updated
File unblock_tar_240320171930 converted
File transferred to SAVE
End script
Script start unblock_tar_270320171030
Create file unblock_tar_270320171030
File unblock_tar_270320171030 created
Data from unblock_tar_270320171030 updated
File unblock_tar_270320171030 converted
File transferred to SAVE
End script
Script start unblock_tar_270320171930
Create file unblock_tar_270320171930
File unblock_tar_270320171930 created
Data from unblock_tar_270320171930 updated
File unblock_tar_270320171930 converted
File transferred to SAVE
End script
Script start unblock_tar_280320171030
Create file unblock_tar_280320171030
File unblock_tar_280320171030 created
Data from unblock_tar_280320171030 updated
File unblock_tar_280320171030 converted
File transferred to SAVE
End script
Script start unblock_tar_280320171930
Create file unblock_tar_280320171930
File unblock_tar_280320171930 created
Data from unblock_tar_280320171930 updated
File unblock_tar_280320171930 converted
File transferred to SAVE
End script
Script start unblock_tar_290320171030
Create file unblock_tar_290320171030
File unblock_tar_290320171030 created
Data from unblock_tar_290320171030 updated
File unblock_tar_290320171030 converted
File transferred to SAVE
End script
Script start unblock_tar_290320171930
Create file unblock_tar_290320171930
File unblock_tar_290320171930 created
Data from unblock_tar_290320171930 updated
File unblock_tar_290320171930 converted
File transferred to SAVE
End script
Script start unblock_tar_300320171030
Create file unblock_tar_300320171030
File unblock_tar_300320171030 created
Data from unblock_tar_300320171030 updated
File unblock_tar_300320171030 converted
File transferred to SAVE
End script
Script start unblock_tar_300320171930
Create file unblock_tar_300320171930
File unblock_tar_300320171930 created
Data from unblock_tar_300320171930 updated
File unblock_tar_300320171930 converted
File transferred to SAVE
End script
Script start unblock_tar_310320171030
Create file unblock_tar_310320171030
File unblock_tar_310320171030 created
Data from unblock_tar_310320171030 updated
File unblock_tar_310320171030 converted
File transferred to SAVE
End script
Script start unblock_tar_310320171930
Create file unblock_tar_310320171930
File unblock_tar_310320171930 created
Data from unblock_tar_310320171930 updated
File unblock_tar_310320171930 converted
File transferred to SAVE
End script
Script start unblock_tar_030420171030
Create file unblock_tar_030420171030
File unblock_tar_030420171030 created
Data from unblock_tar_030420171030 updated
File unblock_tar_030420171030 converted
File transferred to SAVE
End script
Script start unblock_tar_030420171930
Create file unblock_tar_030420171930
File unblock_tar_030420171930 created
Data from unblock_tar_030420171930 updated
File unblock_tar_030420171930 converted
File transferred to SAVE
End script
Script start unblock_tar_040420171030
Create file unblock_tar_040420171030
File unblock_tar_040420171030 created
Data from unblock_tar_040420171030 updated
File unblock_tar_040420171030 converted
File transferred to SAVE
End script
Script start unblock_tar_040420171930
Create file unblock_tar_040420171930
File unblock_tar_040420171930 created
Data from unblock_tar_040420171930 updated
File unblock_tar_040420171930 converted
File transferred to SAVE
End script
Script start unblock_tar_050420171030
Create file unblock_tar_050420171030
File unblock_tar_050420171030 created
Data from unblock_tar_050420171030 updated
File unblock_tar_050420171030 converted
File transferred to SAVE
End script
Script start unblock_tar_050420171930
Create file unblock_tar_050420171930
File unblock_tar_050420171930 created
Data from unblock_tar_050420171930 updated
File unblock_tar_050420171930 converted
File transferred to SAVE
End script
Script start unblock_tar_060420171030
Create file unblock_tar_060420171030
File unblock_tar_060420171030 created
Data from unblock_tar_060420171030 updated
File unblock_tar_060420171030 converted
File transferred to SAVE
End script
Script start unblock_tar_060420171930
Create file unblock_tar_060420171930
File unblock_tar_060420171930 created
Data from unblock_tar_060420171930 updated
File unblock_tar_060420171930 converted
File transferred to SAVE
End script
Script start unblock_tar_070420171030
Create file unblock_tar_070420171030
File unblock_tar_070420171030 created
Data from unblock_tar_070420171030 updated
File unblock_tar_070420171030 converted
File transferred to SAVE
End script
Script start unblock_tar_070420171930
Create file unblock_tar_070420171930
File unblock_tar_070420171930 created
Data from unblock_tar_070420171930 updated
File unblock_tar_070420171930 converted
File transferred to SAVE
End script
Script start unblock_tar_100420171030
Create file unblock_tar_100420171030
File unblock_tar_100420171030 created
Data from unblock_tar_100420171030 updated
File unblock_tar_100420171030 converted
File transferred to SAVE
End script
Script start unblock_tar_100420171930
Create file unblock_tar_100420171930
File unblock_tar_100420171930 created
Data from unblock_tar_100420171930 updated
File unblock_tar_100420171930 converted
File transferred to SAVE
End script
Script start unblock_tar_110420171030
Create file unblock_tar_110420171030
File unblock_tar_110420171030 created
Data from unblock_tar_110420171030 updated
File unblock_tar_110420171030 converted
File transferred to SAVE
End script
